{"/Users/lwayne/low-code-form/src/store.ts": {"path":"/Users/lwayne/low-code-form/src/store.ts","statementMap":{"0":{"start":{"line":55,"column":29},"end":{"line":75,"column":null}},"1":{"start":{"line":56,"column":2},"end":{"line":74,"column":null}},"2":{"start":{"line":57,"column":4},"end":{"line":69,"column":null}},"3":{"start":{"line":58,"column":6},"end":{"line":67,"column":null}},"4":{"start":{"line":59,"column":25},"end":{"line":59,"column":null}},"5":{"start":{"line":60,"column":28},"end":{"line":60,"column":null}},"6":{"start":{"line":61,"column":8},"end":{"line":65,"column":null}},"7":{"start":{"line":62,"column":10},"end":{"line":62,"column":null}},"8":{"start":{"line":64,"column":10},"end":{"line":64,"column":null}},"9":{"start":{"line":66,"column":8},"end":{"line":66,"column":null}},"10":{"start":{"line":68,"column":6},"end":{"line":68,"column":null}},"11":{"start":{"line":70,"column":4},"end":{"line":72,"column":null}},"12":{"start":{"line":71,"column":6},"end":{"line":71,"column":null}},"13":{"start":{"line":73,"column":4},"end":{"line":73,"column":null}},"14":{"start":{"line":78,"column":25},"end":{"line":85,"column":null}},"15":{"start":{"line":79,"column":2},"end":{"line":84,"column":null}},"16":{"start":{"line":80,"column":17},"end":{"line":80,"column":44}},"17":{"start":{"line":81,"column":15},"end":{"line":84,"column":6}},"18":{"start":{"line":87,"column":30},"end":{"line":97,"column":null}},"19":{"start":{"line":88,"column":2},"end":{"line":96,"column":null}},"20":{"start":{"line":89,"column":4},"end":{"line":91,"column":null}},"21":{"start":{"line":90,"column":6},"end":{"line":90,"column":null}},"22":{"start":{"line":92,"column":4},"end":{"line":94,"column":null}},"23":{"start":{"line":93,"column":6},"end":{"line":93,"column":null}},"24":{"start":{"line":95,"column":4},"end":{"line":95,"column":null}},"25":{"start":{"line":99,"column":22},"end":{"line":113,"column":null}},"26":{"start":{"line":100,"column":19},"end":{"line":100,"column":null}},"27":{"start":{"line":100,"column":41},"end":{"line":100,"column":58}},"28":{"start":{"line":101,"column":19},"end":{"line":101,"column":null}},"29":{"start":{"line":101,"column":41},"end":{"line":101,"column":56}},"30":{"start":{"line":103,"column":2},"end":{"line":105,"column":null}},"31":{"start":{"line":104,"column":4},"end":{"line":104,"column":null}},"32":{"start":{"line":107,"column":2},"end":{"line":112,"column":null}},"33":{"start":{"line":108,"column":4},"end":{"line":110,"column":null}},"34":{"start":{"line":109,"column":6},"end":{"line":109,"column":null}},"35":{"start":{"line":111,"column":4},"end":{"line":111,"column":null}},"36":{"start":{"line":116,"column":22},"end":{"line":174,"column":null}},"37":{"start":{"line":117,"column":2},"end":{"line":117,"column":null}},"38":{"start":{"line":117,"column":36},"end":{"line":117,"column":null}},"39":{"start":{"line":119,"column":2},"end":{"line":172,"column":null}},"40":{"start":{"line":120,"column":4},"end":{"line":171,"column":null}},"41":{"start":{"line":122,"column":8},"end":{"line":125,"column":null}},"42":{"start":{"line":124,"column":10},"end":{"line":124,"column":null}},"43":{"start":{"line":126,"column":8},"end":{"line":126,"column":null}},"44":{"start":{"line":128,"column":8},"end":{"line":130,"column":null}},"45":{"start":{"line":129,"column":10},"end":{"line":129,"column":null}},"46":{"start":{"line":131,"column":8},"end":{"line":131,"column":null}},"47":{"start":{"line":133,"column":8},"end":{"line":135,"column":null}},"48":{"start":{"line":134,"column":10},"end":{"line":134,"column":null}},"49":{"start":{"line":136,"column":8},"end":{"line":136,"column":null}},"50":{"start":{"line":138,"column":8},"end":{"line":140,"column":null}},"51":{"start":{"line":139,"column":10},"end":{"line":139,"column":null}},"52":{"start":{"line":141,"column":8},"end":{"line":141,"column":null}},"53":{"start":{"line":143,"column":8},"end":{"line":145,"column":null}},"54":{"start":{"line":144,"column":10},"end":{"line":144,"column":null}},"55":{"start":{"line":146,"column":8},"end":{"line":146,"column":null}},"56":{"start":{"line":148,"column":8},"end":{"line":153,"column":null}},"57":{"start":{"line":149,"column":24},"end":{"line":149,"column":null}},"58":{"start":{"line":150,"column":10},"end":{"line":152,"column":null}},"59":{"start":{"line":151,"column":12},"end":{"line":151,"column":null}},"60":{"start":{"line":154,"column":8},"end":{"line":154,"column":null}},"61":{"start":{"line":156,"column":8},"end":{"line":161,"column":null}},"62":{"start":{"line":157,"column":29},"end":{"line":157,"column":null}},"63":{"start":{"line":158,"column":10},"end":{"line":160,"column":null}},"64":{"start":{"line":159,"column":12},"end":{"line":159,"column":null}},"65":{"start":{"line":162,"column":8},"end":{"line":162,"column":null}},"66":{"start":{"line":164,"column":8},"end":{"line":169,"column":null}},"67":{"start":{"line":165,"column":29},"end":{"line":165,"column":null}},"68":{"start":{"line":166,"column":10},"end":{"line":168,"column":null}},"69":{"start":{"line":167,"column":12},"end":{"line":167,"column":null}},"70":{"start":{"line":170,"column":8},"end":{"line":170,"column":null}},"71":{"start":{"line":173,"column":2},"end":{"line":173,"column":null}},"72":{"start":{"line":177,"column":26},"end":{"line":187,"column":null}},"73":{"start":{"line":178,"column":36},"end":{"line":178,"column":null}},"74":{"start":{"line":179,"column":19},"end":{"line":184,"column":null}},"75":{"start":{"line":180,"column":4},"end":{"line":183,"column":null}},"76":{"start":{"line":181,"column":6},"end":{"line":181,"column":null}},"77":{"start":{"line":182,"column":6},"end":{"line":182,"column":null}},"78":{"start":{"line":182,"column":22},"end":{"line":182,"column":null}},"79":{"start":{"line":185,"column":2},"end":{"line":185,"column":null}},"80":{"start":{"line":186,"column":2},"end":{"line":186,"column":null}},"81":{"start":{"line":190,"column":26},"end":{"line":199,"column":null}},"82":{"start":{"line":191,"column":2},"end":{"line":197,"column":null}},"83":{"start":{"line":192,"column":4},"end":{"line":192,"column":null}},"84":{"start":{"line":192,"column":21},"end":{"line":192,"column":null}},"85":{"start":{"line":193,"column":4},"end":{"line":196,"column":null}},"86":{"start":{"line":194,"column":20},"end":{"line":194,"column":null}},"87":{"start":{"line":195,"column":6},"end":{"line":195,"column":null}},"88":{"start":{"line":195,"column":17},"end":{"line":195,"column":null}},"89":{"start":{"line":198,"column":2},"end":{"line":198,"column":null}},"90":{"start":{"line":202,"column":32},"end":{"line":210,"column":null}},"91":{"start":{"line":203,"column":23},"end":{"line":208,"column":null}},"92":{"start":{"line":209,"column":2},"end":{"line":209,"column":null}},"93":{"start":{"line":213,"column":13},"end":{"line":547,"column":null}},"94":{"start":{"line":215,"column":19},"end":{"line":541,"column":null}},"95":{"start":{"line":227,"column":47},"end":{"line":268,"column":null}},"96":{"start":{"line":228,"column":24},"end":{"line":228,"column":null}},"97":{"start":{"line":232,"column":8},"end":{"line":245,"column":null}},"98":{"start":{"line":233,"column":26},"end":{"line":233,"column":122}},"99":{"start":{"line":233,"column":122},"end":{"line":233,"column":null}},"100":{"start":{"line":234,"column":29},"end":{"line":234,"column":138}},"101":{"start":{"line":234,"column":138},"end":{"line":234,"column":null}},"102":{"start":{"line":235,"column":32},"end":{"line":235,"column":134}},"103":{"start":{"line":235,"column":134},"end":{"line":235,"column":null}},"104":{"start":{"line":236,"column":27},"end":{"line":236,"column":161}},"105":{"start":{"line":236,"column":161},"end":{"line":236,"column":null}},"106":{"start":{"line":237,"column":26},"end":{"line":237,"column":138}},"107":{"start":{"line":237,"column":138},"end":{"line":237,"column":null}},"108":{"start":{"line":238,"column":29},"end":{"line":238,"column":144}},"109":{"start":{"line":238,"column":144},"end":{"line":238,"column":null}},"110":{"start":{"line":239,"column":27},"end":{"line":239,"column":100}},"111":{"start":{"line":239,"column":100},"end":{"line":239,"column":null}},"112":{"start":{"line":240,"column":31},"end":{"line":240,"column":128}},"113":{"start":{"line":240,"column":128},"end":{"line":240,"column":null}},"114":{"start":{"line":241,"column":31},"end":{"line":241,"column":128}},"115":{"start":{"line":241,"column":128},"end":{"line":241,"column":null}},"116":{"start":{"line":242,"column":27},"end":{"line":242,"column":139}},"117":{"start":{"line":242,"column":139},"end":{"line":242,"column":null}},"118":{"start":{"line":243,"column":30},"end":{"line":243,"column":143}},"119":{"start":{"line":243,"column":143},"end":{"line":243,"column":null}},"120":{"start":{"line":244,"column":21},"end":{"line":244,"column":null}},"121":{"start":{"line":247,"column":28},"end":{"line":247,"column":null}},"122":{"start":{"line":248,"column":8},"end":{"line":258,"column":null}},"123":{"start":{"line":249,"column":10},"end":{"line":249,"column":null}},"124":{"start":{"line":252,"column":10},"end":{"line":252,"column":null}},"125":{"start":{"line":253,"column":10},"end":{"line":257,"column":null}},"126":{"start":{"line":254,"column":12},"end":{"line":254,"column":null}},"127":{"start":{"line":256,"column":12},"end":{"line":256,"column":null}},"128":{"start":{"line":260,"column":8},"end":{"line":267,"column":null}},"129":{"start":{"line":270,"column":52},"end":{"line":280,"column":null}},"130":{"start":{"line":271,"column":8},"end":{"line":279,"column":null}},"131":{"start":{"line":272,"column":10},"end":{"line":276,"column":null}},"132":{"start":{"line":273,"column":12},"end":{"line":273,"column":null}},"133":{"start":{"line":273,"column":66},"end":{"line":273,"column":76}},"134":{"start":{"line":275,"column":12},"end":{"line":275,"column":null}},"135":{"start":{"line":278,"column":10},"end":{"line":278,"column":null}},"136":{"start":{"line":282,"column":28},"end":{"line":282,"column":null}},"137":{"start":{"line":285,"column":23},"end":{"line":287,"column":null}},"138":{"start":{"line":285,"column":39},"end":{"line":287,"column":8}},"139":{"start":{"line":286,"column":66},"end":{"line":286,"column":70}},"140":{"start":{"line":289,"column":46},"end":{"line":298,"column":null}},"141":{"start":{"line":290,"column":24},"end":{"line":290,"column":null}},"142":{"start":{"line":291,"column":8},"end":{"line":297,"column":null}},"143":{"start":{"line":300,"column":32},"end":{"line":313,"column":null}},"144":{"start":{"line":301,"column":28},"end":{"line":301,"column":null}},"145":{"start":{"line":302,"column":8},"end":{"line":302,"column":null}},"146":{"start":{"line":302,"column":38},"end":{"line":302,"column":null}},"147":{"start":{"line":304,"column":24},"end":{"line":304,"column":null}},"148":{"start":{"line":305,"column":8},"end":{"line":312,"column":null}},"149":{"start":{"line":307,"column":55},"end":{"line":307,"column":81}},"150":{"start":{"line":315,"column":47},"end":{"line":324,"column":null}},"151":{"start":{"line":316,"column":24},"end":{"line":316,"column":null}},"152":{"start":{"line":317,"column":8},"end":{"line":323,"column":null}},"153":{"start":{"line":327,"column":61},"end":{"line":377,"column":null}},"154":{"start":{"line":328,"column":24},"end":{"line":328,"column":null}},"155":{"start":{"line":331,"column":30},"end":{"line":350,"column":null}},"156":{"start":{"line":332,"column":48},"end":{"line":332,"column":null}},"157":{"start":{"line":333,"column":23},"end":{"line":348,"column":null}},"158":{"start":{"line":334,"column":12},"end":{"line":337,"column":null}},"159":{"start":{"line":335,"column":14},"end":{"line":335,"column":null}},"160":{"start":{"line":336,"column":14},"end":{"line":336,"column":null}},"161":{"start":{"line":338,"column":12},"end":{"line":338,"column":null}},"162":{"start":{"line":340,"column":12},"end":{"line":346,"column":null}},"163":{"start":{"line":341,"column":29},"end":{"line":341,"column":null}},"164":{"start":{"line":342,"column":14},"end":{"line":345,"column":null}},"165":{"start":{"line":343,"column":16},"end":{"line":343,"column":null}},"166":{"start":{"line":344,"column":16},"end":{"line":344,"column":null}},"167":{"start":{"line":347,"column":12},"end":{"line":347,"column":null}},"168":{"start":{"line":349,"column":10},"end":{"line":349,"column":null}},"169":{"start":{"line":352,"column":34},"end":{"line":352,"column":null}},"170":{"start":{"line":353,"column":8},"end":{"line":353,"column":null}},"171":{"start":{"line":353,"column":22},"end":{"line":353,"column":null}},"172":{"start":{"line":357,"column":8},"end":{"line":368,"column":null}},"173":{"start":{"line":359,"column":10},"end":{"line":359,"column":null}},"174":{"start":{"line":360,"column":10},"end":{"line":364,"column":null}},"175":{"start":{"line":361,"column":12},"end":{"line":361,"column":null}},"176":{"start":{"line":363,"column":12},"end":{"line":363,"column":null}},"177":{"start":{"line":367,"column":10},"end":{"line":367,"column":null}},"178":{"start":{"line":370,"column":8},"end":{"line":376,"column":null}},"179":{"start":{"line":379,"column":35},"end":{"line":381,"column":null}},"180":{"start":{"line":379,"column":51},"end":{"line":381,"column":8}},"181":{"start":{"line":384,"column":8},"end":{"line":384,"column":null}},"182":{"start":{"line":388,"column":59},"end":{"line":395,"column":null}},"183":{"start":{"line":389,"column":24},"end":{"line":389,"column":null}},"184":{"start":{"line":390,"column":8},"end":{"line":394,"column":null}},"185":{"start":{"line":392,"column":46},"end":{"line":392,"column":50}},"186":{"start":{"line":398,"column":28},"end":{"line":403,"column":null}},"187":{"start":{"line":399,"column":33},"end":{"line":401,"column":null}},"188":{"start":{"line":400,"column":21},"end":{"line":400,"column":60}},"189":{"start":{"line":401,"column":47},"end":{"line":401,"column":57}},"190":{"start":{"line":402,"column":8},"end":{"line":402,"column":null}},"191":{"start":{"line":406,"column":29},"end":{"line":417,"column":null}},"192":{"start":{"line":407,"column":8},"end":{"line":407,"column":null}},"193":{"start":{"line":407,"column":42},"end":{"line":407,"column":null}},"194":{"start":{"line":409,"column":24},"end":{"line":409,"column":null}},"195":{"start":{"line":410,"column":33},"end":{"line":410,"column":null}},"196":{"start":{"line":412,"column":8},"end":{"line":416,"column":null}},"197":{"start":{"line":414,"column":49},"end":{"line":414,"column":53}},"198":{"start":{"line":420,"column":33},"end":{"line":435,"column":null}},"199":{"start":{"line":421,"column":8},"end":{"line":421,"column":null}},"200":{"start":{"line":421,"column":44},"end":{"line":421,"column":null}},"201":{"start":{"line":423,"column":24},"end":{"line":423,"column":null}},"202":{"start":{"line":424,"column":38},"end":{"line":426,"column":null}},"203":{"start":{"line":425,"column":21},"end":{"line":425,"column":60}},"204":{"start":{"line":426,"column":47},"end":{"line":426,"column":57}},"205":{"start":{"line":428,"column":33},"end":{"line":428,"column":null}},"206":{"start":{"line":430,"column":8},"end":{"line":434,"column":null}},"207":{"start":{"line":432,"column":49},"end":{"line":432,"column":53}},"208":{"start":{"line":439,"column":22},"end":{"line":439,"column":null}},"209":{"start":{"line":440,"column":26},"end":{"line":440,"column":null}},"210":{"start":{"line":441,"column":8},"end":{"line":441,"column":null}},"211":{"start":{"line":441,"column":24},"end":{"line":441,"column":null}},"212":{"start":{"line":444,"column":8},"end":{"line":444,"column":null}},"213":{"start":{"line":444,"column":62},"end":{"line":444,"column":null}},"214":{"start":{"line":446,"column":22},"end":{"line":446,"column":null}},"215":{"start":{"line":447,"column":22},"end":{"line":447,"column":null}},"216":{"start":{"line":448,"column":23},"end":{"line":448,"column":null}},"217":{"start":{"line":450,"column":22},"end":{"line":450,"column":null}},"218":{"start":{"line":452,"column":8},"end":{"line":456,"column":null}},"219":{"start":{"line":452,"column":20},"end":{"line":456,"column":10}},"220":{"start":{"line":455,"column":86},"end":{"line":455,"column":96}},"221":{"start":{"line":458,"column":8},"end":{"line":458,"column":null}},"222":{"start":{"line":463,"column":22},"end":{"line":463,"column":null}},"223":{"start":{"line":464,"column":30},"end":{"line":464,"column":null}},"224":{"start":{"line":465,"column":42},"end":{"line":465,"column":null}},"225":{"start":{"line":466,"column":60},"end":{"line":466,"column":null}},"226":{"start":{"line":468,"column":8},"end":{"line":481,"column":null}},"227":{"start":{"line":470,"column":10},"end":{"line":470,"column":null}},"228":{"start":{"line":470,"column":64},"end":{"line":470,"column":null}},"229":{"start":{"line":472,"column":24},"end":{"line":472,"column":null}},"230":{"start":{"line":473,"column":24},"end":{"line":473,"column":null}},"231":{"start":{"line":474,"column":25},"end":{"line":474,"column":null}},"232":{"start":{"line":476,"column":24},"end":{"line":476,"column":null}},"233":{"start":{"line":477,"column":10},"end":{"line":480,"column":null}},"234":{"start":{"line":478,"column":12},"end":{"line":478,"column":null}},"235":{"start":{"line":479,"column":12},"end":{"line":479,"column":null}},"236":{"start":{"line":483,"column":8},"end":{"line":483,"column":null}},"237":{"start":{"line":484,"column":8},"end":{"line":484,"column":null}},"238":{"start":{"line":488,"column":44},"end":{"line":492,"column":null}},"239":{"start":{"line":488,"column":60},"end":{"line":492,"column":8}},"240":{"start":{"line":490,"column":67},"end":{"line":490,"column":77}},"241":{"start":{"line":495,"column":38},"end":{"line":495,"column":null}},"242":{"start":{"line":497,"column":18},"end":{"line":509,"column":null}},"243":{"start":{"line":498,"column":8},"end":{"line":498,"column":null}},"244":{"start":{"line":498,"column":45},"end":{"line":498,"column":null}},"245":{"start":{"line":499,"column":25},"end":{"line":499,"column":null}},"246":{"start":{"line":500,"column":24},"end":{"line":500,"column":null}},"247":{"start":{"line":501,"column":8},"end":{"line":508,"column":null}},"248":{"start":{"line":511,"column":18},"end":{"line":523,"column":null}},"249":{"start":{"line":512,"column":8},"end":{"line":512,"column":null}},"250":{"start":{"line":512,"column":47},"end":{"line":512,"column":null}},"251":{"start":{"line":513,"column":21},"end":{"line":513,"column":null}},"252":{"start":{"line":514,"column":26},"end":{"line":514,"column":null}},"253":{"start":{"line":515,"column":8},"end":{"line":522,"column":null}},"254":{"start":{"line":526,"column":25},"end":{"line":540,"column":null}},"255":{"start":{"line":527,"column":24},"end":{"line":529,"column":null}},"256":{"start":{"line":530,"column":8},"end":{"line":539,"column":null}},"257":{"start":{"line":544,"column":30},"end":{"line":544,"column":null}}},"fnMap":{"0":{"name":"(anonymous_0)","decl":{"start":{"line":55,"column":29},"end":{"line":55,"column":30}},"loc":{"start":{"line":55,"column":148},"end":{"line":75,"column":null}},"line":55},"1":{"name":"(anonymous_1)","decl":{"start":{"line":56,"column":24},"end":{"line":56,"column":25}},"loc":{"start":{"line":56,"column":31},"end":{"line":74,"column":3}},"line":56},"2":{"name":"(anonymous_2)","decl":{"start":{"line":78,"column":25},"end":{"line":78,"column":26}},"loc":{"start":{"line":78,"column":102},"end":{"line":85,"column":null}},"line":78},"3":{"name":"(anonymous_3)","decl":{"start":{"line":80,"column":12},"end":{"line":80,"column":17}},"loc":{"start":{"line":80,"column":17},"end":{"line":80,"column":44}},"line":80},"4":{"name":"(anonymous_4)","decl":{"start":{"line":81,"column":9},"end":{"line":81,"column":15}},"loc":{"start":{"line":81,"column":15},"end":{"line":84,"column":6}},"line":81},"5":{"name":"(anonymous_5)","decl":{"start":{"line":87,"column":30},"end":{"line":87,"column":31}},"loc":{"start":{"line":87,"column":111},"end":{"line":97,"column":null}},"line":87},"6":{"name":"(anonymous_6)","decl":{"start":{"line":88,"column":24},"end":{"line":88,"column":25}},"loc":{"start":{"line":88,"column":31},"end":{"line":96,"column":3}},"line":88},"7":{"name":"(anonymous_7)","decl":{"start":{"line":99,"column":22},"end":{"line":99,"column":23}},"loc":{"start":{"line":99,"column":104},"end":{"line":113,"column":null}},"line":99},"8":{"name":"(anonymous_8)","decl":{"start":{"line":100,"column":34},"end":{"line":100,"column":35}},"loc":{"start":{"line":100,"column":41},"end":{"line":100,"column":58}},"line":100},"9":{"name":"(anonymous_9)","decl":{"start":{"line":101,"column":34},"end":{"line":101,"column":35}},"loc":{"start":{"line":101,"column":41},"end":{"line":101,"column":56}},"line":101},"10":{"name":"(anonymous_10)","decl":{"start":{"line":107,"column":18},"end":{"line":107,"column":23}},"loc":{"start":{"line":107,"column":23},"end":{"line":112,"column":3}},"line":107},"11":{"name":"(anonymous_11)","decl":{"start":{"line":116,"column":22},"end":{"line":116,"column":23}},"loc":{"start":{"line":116,"column":105},"end":{"line":174,"column":null}},"line":116},"12":{"name":"(anonymous_12)","decl":{"start":{"line":177,"column":26},"end":{"line":177,"column":27}},"loc":{"start":{"line":177,"column":80},"end":{"line":187,"column":null}},"line":177},"13":{"name":"(anonymous_13)","decl":{"start":{"line":179,"column":19},"end":{"line":179,"column":20}},"loc":{"start":{"line":179,"column":48},"end":{"line":184,"column":null}},"line":179},"14":{"name":"(anonymous_14)","decl":{"start":{"line":180,"column":17},"end":{"line":180,"column":18}},"loc":{"start":{"line":180,"column":24},"end":{"line":183,"column":5}},"line":180},"15":{"name":"(anonymous_15)","decl":{"start":{"line":190,"column":26},"end":{"line":190,"column":27}},"loc":{"start":{"line":190,"column":97},"end":{"line":199,"column":null}},"line":190},"16":{"name":"(anonymous_16)","decl":{"start":{"line":202,"column":32},"end":{"line":202,"column":33}},"loc":{"start":{"line":202,"column":81},"end":{"line":210,"column":null}},"line":202},"17":{"name":"(anonymous_17)","decl":{"start":{"line":215,"column":4},"end":{"line":215,"column":5}},"loc":{"start":{"line":215,"column":19},"end":{"line":541,"column":null}},"line":215},"18":{"name":"(anonymous_18)","decl":{"start":{"line":227,"column":20},"end":{"line":227,"column":21}},"loc":{"start":{"line":227,"column":47},"end":{"line":268,"column":null}},"line":227},"19":{"name":"(anonymous_19)","decl":{"start":{"line":227,"column":51},"end":{"line":227,"column":52}},"loc":{"start":{"line":227,"column":62},"end":{"line":268,"column":7}},"line":227},"20":{"name":"(anonymous_20)","decl":{"start":{"line":270,"column":23},"end":{"line":270,"column":24}},"loc":{"start":{"line":270,"column":52},"end":{"line":280,"column":null}},"line":270},"21":{"name":"(anonymous_21)","decl":{"start":{"line":270,"column":56},"end":{"line":270,"column":57}},"loc":{"start":{"line":270,"column":67},"end":{"line":280,"column":7}},"line":270},"22":{"name":"(anonymous_22)","decl":{"start":{"line":273,"column":59},"end":{"line":273,"column":66}},"loc":{"start":{"line":273,"column":66},"end":{"line":273,"column":76}},"line":273},"23":{"name":"(anonymous_23)","decl":{"start":{"line":282,"column":22},"end":{"line":282,"column":28}},"loc":{"start":{"line":282,"column":28},"end":{"line":282,"column":null}},"line":282},"24":{"name":"(anonymous_24)","decl":{"start":{"line":285,"column":17},"end":{"line":285,"column":23}},"loc":{"start":{"line":285,"column":23},"end":{"line":287,"column":null}},"line":285},"25":{"name":"(anonymous_25)","decl":{"start":{"line":285,"column":27},"end":{"line":285,"column":28}},"loc":{"start":{"line":285,"column":39},"end":{"line":287,"column":8}},"line":285},"26":{"name":"(anonymous_26)","decl":{"start":{"line":286,"column":61},"end":{"line":286,"column":66}},"loc":{"start":{"line":286,"column":66},"end":{"line":286,"column":70}},"line":286},"27":{"name":"(anonymous_27)","decl":{"start":{"line":289,"column":28},"end":{"line":289,"column":29}},"loc":{"start":{"line":289,"column":46},"end":{"line":298,"column":null}},"line":289},"28":{"name":"(anonymous_28)","decl":{"start":{"line":289,"column":50},"end":{"line":289,"column":51}},"loc":{"start":{"line":289,"column":61},"end":{"line":298,"column":7}},"line":289},"29":{"name":"(anonymous_29)","decl":{"start":{"line":300,"column":23},"end":{"line":300,"column":24}},"loc":{"start":{"line":300,"column":32},"end":{"line":313,"column":null}},"line":300},"30":{"name":"(anonymous_30)","decl":{"start":{"line":300,"column":36},"end":{"line":300,"column":37}},"loc":{"start":{"line":300,"column":47},"end":{"line":313,"column":7}},"line":300},"31":{"name":"(anonymous_31)","decl":{"start":{"line":307,"column":48},"end":{"line":307,"column":55}},"loc":{"start":{"line":307,"column":55},"end":{"line":307,"column":81}},"line":307},"32":{"name":"(anonymous_32)","decl":{"start":{"line":315,"column":25},"end":{"line":315,"column":26}},"loc":{"start":{"line":315,"column":47},"end":{"line":324,"column":null}},"line":315},"33":{"name":"(anonymous_33)","decl":{"start":{"line":315,"column":51},"end":{"line":315,"column":52}},"loc":{"start":{"line":315,"column":62},"end":{"line":324,"column":7}},"line":315},"34":{"name":"(anonymous_34)","decl":{"start":{"line":327,"column":21},"end":{"line":327,"column":22}},"loc":{"start":{"line":327,"column":61},"end":{"line":377,"column":null}},"line":327},"35":{"name":"(anonymous_35)","decl":{"start":{"line":327,"column":65},"end":{"line":327,"column":66}},"loc":{"start":{"line":327,"column":76},"end":{"line":377,"column":7}},"line":327},"36":{"name":"(anonymous_36)","decl":{"start":{"line":331,"column":30},"end":{"line":331,"column":31}},"loc":{"start":{"line":331,"column":133},"end":{"line":350,"column":null}},"line":331},"37":{"name":"(anonymous_37)","decl":{"start":{"line":333,"column":35},"end":{"line":333,"column":40}},"loc":{"start":{"line":333,"column":40},"end":{"line":339,"column":11}},"line":333},"38":{"name":"(anonymous_38)","decl":{"start":{"line":339,"column":17},"end":{"line":339,"column":22}},"loc":{"start":{"line":339,"column":22},"end":{"line":348,"column":11}},"line":339},"39":{"name":"(anonymous_39)","decl":{"start":{"line":379,"column":20},"end":{"line":379,"column":21}},"loc":{"start":{"line":379,"column":35},"end":{"line":381,"column":null}},"line":379},"40":{"name":"(anonymous_40)","decl":{"start":{"line":379,"column":39},"end":{"line":379,"column":40}},"loc":{"start":{"line":379,"column":51},"end":{"line":381,"column":8}},"line":379},"41":{"name":"(anonymous_41)","decl":{"start":{"line":383,"column":21},"end":{"line":383,"column":48}},"loc":{"start":{"line":383,"column":48},"end":{"line":385,"column":null}},"line":383},"42":{"name":"(anonymous_42)","decl":{"start":{"line":388,"column":21},"end":{"line":388,"column":22}},"loc":{"start":{"line":388,"column":59},"end":{"line":395,"column":null}},"line":388},"43":{"name":"(anonymous_43)","decl":{"start":{"line":388,"column":63},"end":{"line":388,"column":64}},"loc":{"start":{"line":388,"column":74},"end":{"line":395,"column":7}},"line":388},"44":{"name":"(anonymous_44)","decl":{"start":{"line":392,"column":41},"end":{"line":392,"column":46}},"loc":{"start":{"line":392,"column":46},"end":{"line":392,"column":50}},"line":392},"45":{"name":"(anonymous_45)","decl":{"start":{"line":398,"column":22},"end":{"line":398,"column":28}},"loc":{"start":{"line":398,"column":28},"end":{"line":403,"column":null}},"line":398},"46":{"name":"(anonymous_46)","decl":{"start":{"line":398,"column":32},"end":{"line":398,"column":33}},"loc":{"start":{"line":398,"column":43},"end":{"line":403,"column":7}},"line":398},"47":{"name":"(anonymous_47)","decl":{"start":{"line":400,"column":15},"end":{"line":400,"column":21}},"loc":{"start":{"line":400,"column":21},"end":{"line":400,"column":60}},"line":400},"48":{"name":"(anonymous_48)","decl":{"start":{"line":401,"column":18},"end":{"line":401,"column":19}},"loc":{"start":{"line":401,"column":47},"end":{"line":401,"column":57}},"line":401},"49":{"name":"(anonymous_49)","decl":{"start":{"line":406,"column":23},"end":{"line":406,"column":29}},"loc":{"start":{"line":406,"column":29},"end":{"line":417,"column":null}},"line":406},"50":{"name":"(anonymous_50)","decl":{"start":{"line":406,"column":33},"end":{"line":406,"column":34}},"loc":{"start":{"line":406,"column":44},"end":{"line":417,"column":7}},"line":406},"51":{"name":"(anonymous_51)","decl":{"start":{"line":414,"column":44},"end":{"line":414,"column":49}},"loc":{"start":{"line":414,"column":49},"end":{"line":414,"column":53}},"line":414},"52":{"name":"(anonymous_52)","decl":{"start":{"line":420,"column":27},"end":{"line":420,"column":33}},"loc":{"start":{"line":420,"column":33},"end":{"line":435,"column":null}},"line":420},"53":{"name":"(anonymous_53)","decl":{"start":{"line":420,"column":37},"end":{"line":420,"column":38}},"loc":{"start":{"line":420,"column":48},"end":{"line":435,"column":7}},"line":420},"54":{"name":"(anonymous_54)","decl":{"start":{"line":425,"column":15},"end":{"line":425,"column":21}},"loc":{"start":{"line":425,"column":21},"end":{"line":425,"column":60}},"line":425},"55":{"name":"(anonymous_55)","decl":{"start":{"line":426,"column":18},"end":{"line":426,"column":19}},"loc":{"start":{"line":426,"column":47},"end":{"line":426,"column":57}},"line":426},"56":{"name":"(anonymous_56)","decl":{"start":{"line":432,"column":44},"end":{"line":432,"column":49}},"loc":{"start":{"line":432,"column":49},"end":{"line":432,"column":53}},"line":432},"57":{"name":"(anonymous_57)","decl":{"start":{"line":438,"column":21},"end":{"line":438,"column":22}},"loc":{"start":{"line":438,"column":52},"end":{"line":459,"column":null}},"line":438},"58":{"name":"(anonymous_58)","decl":{"start":{"line":452,"column":12},"end":{"line":452,"column":13}},"loc":{"start":{"line":452,"column":20},"end":{"line":456,"column":10}},"line":452},"59":{"name":"(anonymous_59)","decl":{"start":{"line":455,"column":75},"end":{"line":455,"column":76}},"loc":{"start":{"line":455,"column":86},"end":{"line":455,"column":96}},"line":455},"60":{"name":"(anonymous_60)","decl":{"start":{"line":462,"column":20},"end":{"line":462,"column":45}},"loc":{"start":{"line":462,"column":45},"end":{"line":485,"column":null}},"line":462},"61":{"name":"(anonymous_61)","decl":{"start":{"line":468,"column":30},"end":{"line":468,"column":31}},"loc":{"start":{"line":468,"column":45},"end":{"line":481,"column":9}},"line":468},"62":{"name":"(anonymous_62)","decl":{"start":{"line":488,"column":28},"end":{"line":488,"column":29}},"loc":{"start":{"line":488,"column":44},"end":{"line":492,"column":null}},"line":488},"63":{"name":"(anonymous_63)","decl":{"start":{"line":488,"column":48},"end":{"line":488,"column":49}},"loc":{"start":{"line":488,"column":60},"end":{"line":492,"column":8}},"line":488},"64":{"name":"(anonymous_64)","decl":{"start":{"line":490,"column":56},"end":{"line":490,"column":57}},"loc":{"start":{"line":490,"column":67},"end":{"line":490,"column":77}},"line":490},"65":{"name":"(anonymous_65)","decl":{"start":{"line":495,"column":32},"end":{"line":495,"column":38}},"loc":{"start":{"line":495,"column":38},"end":{"line":495,"column":null}},"line":495},"66":{"name":"(anonymous_66)","decl":{"start":{"line":497,"column":12},"end":{"line":497,"column":18}},"loc":{"start":{"line":497,"column":18},"end":{"line":509,"column":null}},"line":497},"67":{"name":"(anonymous_67)","decl":{"start":{"line":497,"column":22},"end":{"line":497,"column":23}},"loc":{"start":{"line":497,"column":33},"end":{"line":509,"column":7}},"line":497},"68":{"name":"(anonymous_68)","decl":{"start":{"line":511,"column":12},"end":{"line":511,"column":18}},"loc":{"start":{"line":511,"column":18},"end":{"line":523,"column":null}},"line":511},"69":{"name":"(anonymous_69)","decl":{"start":{"line":511,"column":22},"end":{"line":511,"column":23}},"loc":{"start":{"line":511,"column":33},"end":{"line":523,"column":7}},"line":511},"70":{"name":"(anonymous_70)","decl":{"start":{"line":526,"column":19},"end":{"line":526,"column":25}},"loc":{"start":{"line":526,"column":25},"end":{"line":540,"column":null}},"line":526},"71":{"name":"(anonymous_71)","decl":{"start":{"line":526,"column":29},"end":{"line":526,"column":30}},"loc":{"start":{"line":526,"column":40},"end":{"line":540,"column":7}},"line":526},"72":{"name":"(anonymous_72)","decl":{"start":{"line":544,"column":18},"end":{"line":544,"column":19}},"loc":{"start":{"line":544,"column":30},"end":{"line":544,"column":null}},"line":544}},"branchMap":{"0":{"loc":{"start":{"line":57,"column":4},"end":{"line":69,"column":null}},"type":"if","locations":[{"start":{"line":57,"column":4},"end":{"line":69,"column":null}},{"start":{},"end":{}}],"line":57},"1":{"loc":{"start":{"line":58,"column":6},"end":{"line":67,"column":null}},"type":"if","locations":[{"start":{"line":58,"column":6},"end":{"line":67,"column":null}},{"start":{},"end":{}}],"line":58},"2":{"loc":{"start":{"line":59,"column":25},"end":{"line":59,"column":null}},"type":"binary-expr","locations":[{"start":{"line":59,"column":25},"end":{"line":59,"column":39}},{"start":{"line":59,"column":39},"end":{"line":59,"column":null}}],"line":59},"3":{"loc":{"start":{"line":61,"column":8},"end":{"line":65,"column":null}},"type":"if","locations":[{"start":{"line":61,"column":8},"end":{"line":65,"column":null}},{"start":{"line":63,"column":15},"end":{"line":65,"column":null}}],"line":61},"4":{"loc":{"start":{"line":61,"column":12},"end":{"line":61,"column":53}},"type":"binary-expr","locations":[{"start":{"line":61,"column":12},"end":{"line":61,"column":41}},{"start":{"line":61,"column":41},"end":{"line":61,"column":53}}],"line":61},"5":{"loc":{"start":{"line":70,"column":4},"end":{"line":72,"column":null}},"type":"if","locations":[{"start":{"line":70,"column":4},"end":{"line":72,"column":null}},{"start":{},"end":{}}],"line":70},"6":{"loc":{"start":{"line":83,"column":16},"end":{"line":83,"column":null}},"type":"cond-expr","locations":[{"start":{"line":83,"column":29},"end":{"line":83,"column":73}},{"start":{"line":83,"column":73},"end":{"line":83,"column":null}}],"line":83},"7":{"loc":{"start":{"line":89,"column":4},"end":{"line":91,"column":null}},"type":"if","locations":[{"start":{"line":89,"column":4},"end":{"line":91,"column":null}},{"start":{},"end":{}}],"line":89},"8":{"loc":{"start":{"line":92,"column":4},"end":{"line":94,"column":null}},"type":"if","locations":[{"start":{"line":92,"column":4},"end":{"line":94,"column":null}},{"start":{},"end":{}}],"line":92},"9":{"loc":{"start":{"line":103,"column":2},"end":{"line":105,"column":null}},"type":"if","locations":[{"start":{"line":103,"column":2},"end":{"line":105,"column":null}},{"start":{},"end":{}}],"line":103},"10":{"loc":{"start":{"line":103,"column":6},"end":{"line":103,"column":42}},"type":"binary-expr","locations":[{"start":{"line":103,"column":6},"end":{"line":103,"column":25}},{"start":{"line":103,"column":25},"end":{"line":103,"column":42}}],"line":103},"11":{"loc":{"start":{"line":108,"column":4},"end":{"line":110,"column":null}},"type":"if","locations":[{"start":{"line":108,"column":4},"end":{"line":110,"column":null}},{"start":{},"end":{}}],"line":108},"12":{"loc":{"start":{"line":117,"column":2},"end":{"line":117,"column":null}},"type":"if","locations":[{"start":{"line":117,"column":2},"end":{"line":117,"column":null}},{"start":{},"end":{}}],"line":117},"13":{"loc":{"start":{"line":117,"column":6},"end":{"line":117,"column":36}},"type":"binary-expr","locations":[{"start":{"line":117,"column":6},"end":{"line":117,"column":16}},{"start":{"line":117,"column":16},"end":{"line":117,"column":36}}],"line":117},"14":{"loc":{"start":{"line":120,"column":4},"end":{"line":171,"column":null}},"type":"switch","locations":[{"start":{"line":121,"column":6},"end":{"line":126,"column":null}},{"start":{"line":127,"column":6},"end":{"line":131,"column":null}},{"start":{"line":132,"column":6},"end":{"line":136,"column":null}},{"start":{"line":137,"column":6},"end":{"line":141,"column":null}},{"start":{"line":142,"column":6},"end":{"line":146,"column":null}},{"start":{"line":147,"column":6},"end":{"line":154,"column":null}},{"start":{"line":155,"column":6},"end":{"line":162,"column":null}},{"start":{"line":163,"column":6},"end":{"line":170,"column":null}}],"line":120},"15":{"loc":{"start":{"line":122,"column":8},"end":{"line":125,"column":null}},"type":"if","locations":[{"start":{"line":122,"column":8},"end":{"line":125,"column":null}},{"start":{},"end":{}}],"line":122},"16":{"loc":{"start":{"line":122,"column":12},"end":{"line":123,"column":58}},"type":"binary-expr","locations":[{"start":{"line":122,"column":12},"end":{"line":122,"column":35}},{"start":{"line":122,"column":35},"end":{"line":122,"column":53}},{"start":{"line":122,"column":53},"end":{"line":122,"column":null}},{"start":{"line":123,"column":13},"end":{"line":123,"column":37}},{"start":{"line":123,"column":37},"end":{"line":123,"column":58}}],"line":122},"17":{"loc":{"start":{"line":124,"column":17},"end":{"line":124,"column":null}},"type":"binary-expr","locations":[{"start":{"line":124,"column":17},"end":{"line":124,"column":33}},{"start":{"line":124,"column":33},"end":{"line":124,"column":null}}],"line":124},"18":{"loc":{"start":{"line":128,"column":8},"end":{"line":130,"column":null}},"type":"if","locations":[{"start":{"line":128,"column":8},"end":{"line":130,"column":null}},{"start":{},"end":{}}],"line":128},"19":{"loc":{"start":{"line":128,"column":12},"end":{"line":128,"column":80}},"type":"binary-expr","locations":[{"start":{"line":128,"column":12},"end":{"line":128,"column":41}},{"start":{"line":128,"column":41},"end":{"line":128,"column":80}}],"line":128},"20":{"loc":{"start":{"line":129,"column":17},"end":{"line":129,"column":null}},"type":"binary-expr","locations":[{"start":{"line":129,"column":17},"end":{"line":129,"column":33}},{"start":{"line":129,"column":33},"end":{"line":129,"column":null}}],"line":129},"21":{"loc":{"start":{"line":133,"column":8},"end":{"line":135,"column":null}},"type":"if","locations":[{"start":{"line":133,"column":8},"end":{"line":135,"column":null}},{"start":{},"end":{}}],"line":133},"22":{"loc":{"start":{"line":133,"column":12},"end":{"line":133,"column":80}},"type":"binary-expr","locations":[{"start":{"line":133,"column":12},"end":{"line":133,"column":41}},{"start":{"line":133,"column":41},"end":{"line":133,"column":80}}],"line":133},"23":{"loc":{"start":{"line":134,"column":17},"end":{"line":134,"column":null}},"type":"binary-expr","locations":[{"start":{"line":134,"column":17},"end":{"line":134,"column":33}},{"start":{"line":134,"column":33},"end":{"line":134,"column":null}}],"line":134},"24":{"loc":{"start":{"line":138,"column":8},"end":{"line":140,"column":null}},"type":"if","locations":[{"start":{"line":138,"column":8},"end":{"line":140,"column":null}},{"start":{},"end":{}}],"line":138},"25":{"loc":{"start":{"line":138,"column":12},"end":{"line":138,"column":73}},"type":"binary-expr","locations":[{"start":{"line":138,"column":12},"end":{"line":138,"column":41}},{"start":{"line":138,"column":41},"end":{"line":138,"column":73}}],"line":138},"26":{"loc":{"start":{"line":139,"column":17},"end":{"line":139,"column":null}},"type":"binary-expr","locations":[{"start":{"line":139,"column":17},"end":{"line":139,"column":33}},{"start":{"line":139,"column":33},"end":{"line":139,"column":null}}],"line":139},"27":{"loc":{"start":{"line":143,"column":8},"end":{"line":145,"column":null}},"type":"if","locations":[{"start":{"line":143,"column":8},"end":{"line":145,"column":null}},{"start":{},"end":{}}],"line":143},"28":{"loc":{"start":{"line":143,"column":12},"end":{"line":143,"column":73}},"type":"binary-expr","locations":[{"start":{"line":143,"column":12},"end":{"line":143,"column":41}},{"start":{"line":143,"column":41},"end":{"line":143,"column":73}}],"line":143},"29":{"loc":{"start":{"line":144,"column":17},"end":{"line":144,"column":null}},"type":"binary-expr","locations":[{"start":{"line":144,"column":17},"end":{"line":144,"column":33}},{"start":{"line":144,"column":33},"end":{"line":144,"column":null}}],"line":144},"30":{"loc":{"start":{"line":148,"column":8},"end":{"line":153,"column":null}},"type":"if","locations":[{"start":{"line":148,"column":8},"end":{"line":153,"column":null}},{"start":{},"end":{}}],"line":148},"31":{"loc":{"start":{"line":148,"column":12},"end":{"line":148,"column":53}},"type":"binary-expr","locations":[{"start":{"line":148,"column":12},"end":{"line":148,"column":41}},{"start":{"line":148,"column":41},"end":{"line":148,"column":53}}],"line":148},"32":{"loc":{"start":{"line":150,"column":10},"end":{"line":152,"column":null}},"type":"if","locations":[{"start":{"line":150,"column":10},"end":{"line":152,"column":null}},{"start":{},"end":{}}],"line":150},"33":{"loc":{"start":{"line":151,"column":19},"end":{"line":151,"column":null}},"type":"binary-expr","locations":[{"start":{"line":151,"column":19},"end":{"line":151,"column":35}},{"start":{"line":151,"column":35},"end":{"line":151,"column":null}}],"line":151},"34":{"loc":{"start":{"line":156,"column":8},"end":{"line":161,"column":null}},"type":"if","locations":[{"start":{"line":156,"column":8},"end":{"line":161,"column":null}},{"start":{},"end":{}}],"line":156},"35":{"loc":{"start":{"line":156,"column":12},"end":{"line":156,"column":48}},"type":"binary-expr","locations":[{"start":{"line":156,"column":12},"end":{"line":156,"column":41}},{"start":{"line":156,"column":41},"end":{"line":156,"column":48}}],"line":156},"36":{"loc":{"start":{"line":158,"column":10},"end":{"line":160,"column":null}},"type":"if","locations":[{"start":{"line":158,"column":10},"end":{"line":160,"column":null}},{"start":{},"end":{}}],"line":158},"37":{"loc":{"start":{"line":159,"column":19},"end":{"line":159,"column":null}},"type":"binary-expr","locations":[{"start":{"line":159,"column":19},"end":{"line":159,"column":35}},{"start":{"line":159,"column":35},"end":{"line":159,"column":null}}],"line":159},"38":{"loc":{"start":{"line":164,"column":8},"end":{"line":169,"column":null}},"type":"if","locations":[{"start":{"line":164,"column":8},"end":{"line":169,"column":null}},{"start":{},"end":{}}],"line":164},"39":{"loc":{"start":{"line":164,"column":12},"end":{"line":164,"column":48}},"type":"binary-expr","locations":[{"start":{"line":164,"column":12},"end":{"line":164,"column":41}},{"start":{"line":164,"column":41},"end":{"line":164,"column":48}}],"line":164},"40":{"loc":{"start":{"line":166,"column":10},"end":{"line":168,"column":null}},"type":"if","locations":[{"start":{"line":166,"column":10},"end":{"line":168,"column":null}},{"start":{},"end":{}}],"line":166},"41":{"loc":{"start":{"line":167,"column":19},"end":{"line":167,"column":null}},"type":"binary-expr","locations":[{"start":{"line":167,"column":19},"end":{"line":167,"column":35}},{"start":{"line":167,"column":35},"end":{"line":167,"column":null}}],"line":167},"42":{"loc":{"start":{"line":182,"column":6},"end":{"line":182,"column":null}},"type":"if","locations":[{"start":{"line":182,"column":6},"end":{"line":182,"column":null}},{"start":{},"end":{}}],"line":182},"43":{"loc":{"start":{"line":192,"column":4},"end":{"line":192,"column":null}},"type":"if","locations":[{"start":{"line":192,"column":4},"end":{"line":192,"column":null}},{"start":{},"end":{}}],"line":192},"44":{"loc":{"start":{"line":193,"column":4},"end":{"line":196,"column":null}},"type":"if","locations":[{"start":{"line":193,"column":4},"end":{"line":196,"column":null}},{"start":{},"end":{}}],"line":193},"45":{"loc":{"start":{"line":195,"column":6},"end":{"line":195,"column":null}},"type":"if","locations":[{"start":{"line":195,"column":6},"end":{"line":195,"column":null}},{"start":{},"end":{}}],"line":195},"46":{"loc":{"start":{"line":232,"column":8},"end":{"line":245,"column":null}},"type":"switch","locations":[{"start":{"line":233,"column":12},"end":{"line":233,"column":null}},{"start":{"line":234,"column":12},"end":{"line":234,"column":null}},{"start":{"line":235,"column":12},"end":{"line":235,"column":null}},{"start":{"line":236,"column":12},"end":{"line":236,"column":null}},{"start":{"line":237,"column":12},"end":{"line":237,"column":null}},{"start":{"line":238,"column":12},"end":{"line":238,"column":null}},{"start":{"line":239,"column":12},"end":{"line":239,"column":null}},{"start":{"line":240,"column":12},"end":{"line":240,"column":null}},{"start":{"line":241,"column":12},"end":{"line":241,"column":null}},{"start":{"line":242,"column":12},"end":{"line":242,"column":null}},{"start":{"line":243,"column":12},"end":{"line":243,"column":null}},{"start":{"line":244,"column":12},"end":{"line":244,"column":null}}],"line":232},"47":{"loc":{"start":{"line":248,"column":8},"end":{"line":258,"column":null}},"type":"if","locations":[{"start":{"line":248,"column":8},"end":{"line":258,"column":null}},{"start":{"line":250,"column":15},"end":{"line":258,"column":null}}],"line":248},"48":{"loc":{"start":{"line":253,"column":10},"end":{"line":257,"column":null}},"type":"if","locations":[{"start":{"line":253,"column":10},"end":{"line":257,"column":null}},{"start":{"line":255,"column":17},"end":{"line":257,"column":null}}],"line":253},"49":{"loc":{"start":{"line":253,"column":14},"end":{"line":253,"column":55}},"type":"binary-expr","locations":[{"start":{"line":253,"column":14},"end":{"line":253,"column":43}},{"start":{"line":253,"column":43},"end":{"line":253,"column":55}}],"line":253},"50":{"loc":{"start":{"line":270,"column":28},"end":{"line":270,"column":52}},"type":"default-arg","locations":[{"start":{"line":270,"column":42},"end":{"line":270,"column":52}}],"line":270},"51":{"loc":{"start":{"line":271,"column":8},"end":{"line":279,"column":null}},"type":"if","locations":[{"start":{"line":271,"column":8},"end":{"line":279,"column":null}},{"start":{"line":277,"column":15},"end":{"line":279,"column":null}}],"line":271},"52":{"loc":{"start":{"line":272,"column":10},"end":{"line":276,"column":null}},"type":"if","locations":[{"start":{"line":272,"column":10},"end":{"line":276,"column":null}},{"start":{"line":274,"column":17},"end":{"line":276,"column":null}}],"line":272},"53":{"loc":{"start":{"line":301,"column":28},"end":{"line":301,"column":null}},"type":"cond-expr","locations":[{"start":{"line":301,"column":49},"end":{"line":301,"column":55}},{"start":{"line":301,"column":55},"end":{"line":301,"column":null}}],"line":301},"54":{"loc":{"start":{"line":302,"column":8},"end":{"line":302,"column":null}},"type":"if","locations":[{"start":{"line":302,"column":8},"end":{"line":302,"column":null}},{"start":{},"end":{}}],"line":302},"55":{"loc":{"start":{"line":334,"column":12},"end":{"line":337,"column":null}},"type":"if","locations":[{"start":{"line":334,"column":12},"end":{"line":337,"column":null}},{"start":{},"end":{}}],"line":334},"56":{"loc":{"start":{"line":340,"column":12},"end":{"line":346,"column":null}},"type":"if","locations":[{"start":{"line":340,"column":12},"end":{"line":346,"column":null}},{"start":{},"end":{}}],"line":340},"57":{"loc":{"start":{"line":340,"column":16},"end":{"line":340,"column":40}},"type":"binary-expr","locations":[{"start":{"line":340,"column":16},"end":{"line":340,"column":30}},{"start":{"line":340,"column":30},"end":{"line":340,"column":40}}],"line":340},"58":{"loc":{"start":{"line":342,"column":14},"end":{"line":345,"column":null}},"type":"if","locations":[{"start":{"line":342,"column":14},"end":{"line":345,"column":null}},{"start":{},"end":{}}],"line":342},"59":{"loc":{"start":{"line":353,"column":8},"end":{"line":353,"column":null}},"type":"if","locations":[{"start":{"line":353,"column":8},"end":{"line":353,"column":null}},{"start":{},"end":{}}],"line":353},"60":{"loc":{"start":{"line":357,"column":8},"end":{"line":368,"column":null}},"type":"if","locations":[{"start":{"line":357,"column":8},"end":{"line":368,"column":null}},{"start":{"line":365,"column":15},"end":{"line":368,"column":null}}],"line":357},"61":{"loc":{"start":{"line":360,"column":10},"end":{"line":364,"column":null}},"type":"if","locations":[{"start":{"line":360,"column":10},"end":{"line":364,"column":null}},{"start":{"line":362,"column":17},"end":{"line":364,"column":null}}],"line":360},"62":{"loc":{"start":{"line":407,"column":8},"end":{"line":407,"column":null}},"type":"if","locations":[{"start":{"line":407,"column":8},"end":{"line":407,"column":null}},{"start":{},"end":{}}],"line":407},"63":{"loc":{"start":{"line":421,"column":8},"end":{"line":421,"column":null}},"type":"if","locations":[{"start":{"line":421,"column":8},"end":{"line":421,"column":null}},{"start":{},"end":{}}],"line":421},"64":{"loc":{"start":{"line":441,"column":8},"end":{"line":441,"column":null}},"type":"if","locations":[{"start":{"line":441,"column":8},"end":{"line":441,"column":null}},{"start":{},"end":{}}],"line":441},"65":{"loc":{"start":{"line":444,"column":8},"end":{"line":444,"column":null}},"type":"if","locations":[{"start":{"line":444,"column":8},"end":{"line":444,"column":null}},{"start":{},"end":{}}],"line":444},"66":{"loc":{"start":{"line":448,"column":23},"end":{"line":448,"column":null}},"type":"cond-expr","locations":[{"start":{"line":448,"column":54},"end":{"line":448,"column":87}},{"start":{"line":448,"column":87},"end":{"line":448,"column":null}}],"line":448},"67":{"loc":{"start":{"line":448,"column":54},"end":{"line":448,"column":87}},"type":"binary-expr","locations":[{"start":{"line":448,"column":54},"end":{"line":448,"column":79}},{"start":{"line":448,"column":79},"end":{"line":448,"column":87}}],"line":448},"68":{"loc":{"start":{"line":453,"column":28},"end":{"line":455,"column":null}},"type":"cond-expr","locations":[{"start":{"line":454,"column":14},"end":{"line":454,"column":null}},{"start":{"line":455,"column":14},"end":{"line":455,"column":null}}],"line":453},"69":{"loc":{"start":{"line":470,"column":10},"end":{"line":470,"column":null}},"type":"if","locations":[{"start":{"line":470,"column":10},"end":{"line":470,"column":null}},{"start":{},"end":{}}],"line":470},"70":{"loc":{"start":{"line":474,"column":25},"end":{"line":474,"column":null}},"type":"cond-expr","locations":[{"start":{"line":474,"column":56},"end":{"line":474,"column":89}},{"start":{"line":474,"column":89},"end":{"line":474,"column":null}}],"line":474},"71":{"loc":{"start":{"line":474,"column":56},"end":{"line":474,"column":89}},"type":"binary-expr","locations":[{"start":{"line":474,"column":56},"end":{"line":474,"column":81}},{"start":{"line":474,"column":81},"end":{"line":474,"column":89}}],"line":474},"72":{"loc":{"start":{"line":477,"column":10},"end":{"line":480,"column":null}},"type":"if","locations":[{"start":{"line":477,"column":10},"end":{"line":480,"column":null}},{"start":{},"end":{}}],"line":477},"73":{"loc":{"start":{"line":498,"column":8},"end":{"line":498,"column":null}},"type":"if","locations":[{"start":{"line":498,"column":8},"end":{"line":498,"column":null}},{"start":{},"end":{}}],"line":498},"74":{"loc":{"start":{"line":512,"column":8},"end":{"line":512,"column":null}},"type":"if","locations":[{"start":{"line":512,"column":8},"end":{"line":512,"column":null}},{"start":{},"end":{}}],"line":512},"75":{"loc":{"start":{"line":527,"column":24},"end":{"line":529,"column":null}},"type":"cond-expr","locations":[{"start":{"line":528,"column":12},"end":{"line":528,"column":null}},{"start":{"line":529,"column":12},"end":{"line":529,"column":null}}],"line":527}},"s":{"0":1,"1":6,"2":6,"3":6,"4":6,"5":6,"6":6,"7":0,"8":6,"9":6,"10":0,"11":0,"12":0,"13":0,"14":1,"15":3,"16":6,"17":2,"18":1,"19":13,"20":17,"21":12,"22":5,"23":1,"24":4,"25":1,"26":1,"27":3,"28":1,"29":1,"30":1,"31":1,"32":0,"33":0,"34":0,"35":0,"36":1,"37":12,"38":0,"39":12,"40":12,"41":7,"42":6,"43":1,"44":1,"45":1,"46":0,"47":0,"48":0,"49":0,"50":0,"51":0,"52":0,"53":0,"54":0,"55":0,"56":0,"57":0,"58":0,"59":0,"60":0,"61":2,"62":2,"63":2,"64":1,"65":1,"66":2,"67":2,"68":2,"69":1,"70":1,"71":3,"72":1,"73":5,"74":5,"75":6,"76":11,"77":11,"78":1,"79":5,"80":5,"81":1,"82":10,"83":10,"84":10,"85":0,"86":0,"87":0,"88":0,"89":0,"90":1,"91":2,"92":2,"93":1,"94":1,"95":59,"96":59,"97":59,"98":33,"99":33,"100":0,"101":0,"102":0,"103":0,"104":8,"105":8,"106":0,"107":0,"108":0,"109":0,"110":0,"111":0,"112":0,"113":0,"114":0,"115":0,"116":12,"117":12,"118":6,"119":6,"120":0,"121":59,"122":59,"123":5,"124":54,"125":54,"126":1,"127":53,"128":59,"129":9,"130":9,"131":3,"132":1,"133":2,"134":2,"135":6,"136":2,"137":2,"138":2,"139":6,"140":12,"141":12,"142":12,"143":3,"144":3,"145":3,"146":0,"147":3,"148":3,"149":3,"150":1,"151":1,"152":1,"153":2,"154":2,"155":2,"156":3,"157":3,"158":4,"159":2,"160":2,"161":2,"162":2,"163":1,"164":1,"165":1,"166":1,"167":1,"168":3,"169":2,"170":2,"171":0,"172":2,"173":1,"174":1,"175":0,"176":1,"177":1,"178":2,"179":9,"180":9,"181":1,"182":0,"183":0,"184":0,"185":0,"186":2,"187":2,"188":2,"189":2,"190":2,"191":1,"192":1,"193":0,"194":1,"195":1,"196":1,"197":1,"198":1,"199":1,"200":0,"201":1,"202":1,"203":1,"204":1,"205":1,"206":1,"207":1,"208":7,"209":7,"210":7,"211":0,"212":7,"213":0,"214":7,"215":7,"216":7,"217":7,"218":7,"219":7,"220":7,"221":7,"222":3,"223":3,"224":3,"225":3,"226":3,"227":5,"228":0,"229":5,"230":5,"231":5,"232":5,"233":5,"234":5,"235":5,"236":3,"237":3,"238":1,"239":1,"240":1,"241":1,"242":3,"243":3,"244":0,"245":3,"246":3,"247":3,"248":1,"249":1,"250":0,"251":1,"252":1,"253":1,"254":0,"255":0,"256":0,"257":153},"f":{"0":6,"1":6,"2":3,"3":6,"4":2,"5":13,"6":17,"7":1,"8":3,"9":1,"10":0,"11":12,"12":5,"13":6,"14":11,"15":10,"16":2,"17":1,"18":59,"19":59,"20":9,"21":9,"22":2,"23":2,"24":2,"25":2,"26":6,"27":12,"28":12,"29":3,"30":3,"31":3,"32":1,"33":1,"34":2,"35":2,"36":3,"37":4,"38":2,"39":9,"40":9,"41":1,"42":0,"43":0,"44":0,"45":2,"46":2,"47":2,"48":2,"49":1,"50":1,"51":1,"52":1,"53":1,"54":1,"55":1,"56":1,"57":7,"58":7,"59":7,"60":3,"61":5,"62":1,"63":1,"64":1,"65":1,"66":3,"67":3,"68":1,"69":1,"70":0,"71":0,"72":153},"b":{"0":[6,0],"1":[6,0],"2":[6,0],"3":[0,6],"4":[6,0],"5":[0,0],"6":[0,2],"7":[12,5],"8":[1,4],"9":[1,0],"10":[1,1],"11":[0,0],"12":[0,12],"13":[12,12],"14":[7,1,0,0,0,0,2,2],"15":[6,1],"16":[7,1,1,1,0],"17":[6,0],"18":[1,0],"19":[1,1],"20":[1,0],"21":[0,0],"22":[0,0],"23":[0,0],"24":[0,0],"25":[0,0],"26":[0,0],"27":[0,0],"28":[0,0],"29":[0,0],"30":[0,0],"31":[0,0],"32":[0,0],"33":[0,0],"34":[2,0],"35":[2,2],"36":[1,1],"37":[1,0],"38":[2,0],"39":[2,2],"40":[1,1],"41":[1,0],"42":[1,10],"43":[10,0],"44":[0,0],"45":[0,0],"46":[33,0,0,8,0,0,0,0,0,12,6,0],"47":[5,54],"48":[1,53],"49":[54,1],"50":[9],"51":[3,6],"52":[1,2],"53":[1,2],"54":[0,3],"55":[2,2],"56":[1,1],"57":[2,2],"58":[1,0],"59":[0,2],"60":[1,1],"61":[0,1],"62":[0,1],"63":[0,1],"64":[0,7],"65":[0,7],"66":[7,0],"67":[7,0],"68":[4,3],"69":[0,5],"70":[5,0],"71":[5,0],"72":[5,0],"73":[0,3],"74":[0,1],"75":[0,0]},"meta":{"lastBranch":76,"lastFunction":73,"lastStatement":258,"seen":{"s:55:29:75:Infinity":0,"f:55:29:55:30":0,"s:56:2:74:Infinity":1,"f:56:24:56:25":1,"b:57:4:69:Infinity:undefined:undefined:undefined:undefined":0,"s:57:4:69:Infinity":2,"b:58:6:67:Infinity:undefined:undefined:undefined:undefined":1,"s:58:6:67:Infinity":3,"s:59:25:59:Infinity":4,"b:59:25:59:39:59:39:59:Infinity":2,"s:60:28:60:Infinity":5,"b:61:8:65:Infinity:63:15:65:Infinity":3,"s:61:8:65:Infinity":6,"b:61:12:61:41:61:41:61:53":4,"s:62:10:62:Infinity":7,"s:64:10:64:Infinity":8,"s:66:8:66:Infinity":9,"s:68:6:68:Infinity":10,"b:70:4:72:Infinity:undefined:undefined:undefined:undefined":5,"s:70:4:72:Infinity":11,"s:71:6:71:Infinity":12,"s:73:4:73:Infinity":13,"s:78:25:85:Infinity":14,"f:78:25:78:26":2,"s:79:2:84:Infinity":15,"f:80:12:80:17":3,"s:80:17:80:44":16,"f:81:9:81:15":4,"s:81:15:84:6":17,"b:83:29:83:73:83:73:83:Infinity":6,"s:87:30:97:Infinity":18,"f:87:30:87:31":5,"s:88:2:96:Infinity":19,"f:88:24:88:25":6,"b:89:4:91:Infinity:undefined:undefined:undefined:undefined":7,"s:89:4:91:Infinity":20,"s:90:6:90:Infinity":21,"b:92:4:94:Infinity:undefined:undefined:undefined:undefined":8,"s:92:4:94:Infinity":22,"s:93:6:93:Infinity":23,"s:95:4:95:Infinity":24,"s:99:22:113:Infinity":25,"f:99:22:99:23":7,"s:100:19:100:Infinity":26,"f:100:34:100:35":8,"s:100:41:100:58":27,"s:101:19:101:Infinity":28,"f:101:34:101:35":9,"s:101:41:101:56":29,"b:103:2:105:Infinity:undefined:undefined:undefined:undefined":9,"s:103:2:105:Infinity":30,"b:103:6:103:25:103:25:103:42":10,"s:104:4:104:Infinity":31,"s:107:2:112:Infinity":32,"f:107:18:107:23":10,"b:108:4:110:Infinity:undefined:undefined:undefined:undefined":11,"s:108:4:110:Infinity":33,"s:109:6:109:Infinity":34,"s:111:4:111:Infinity":35,"s:116:22:174:Infinity":36,"f:116:22:116:23":11,"b:117:2:117:Infinity:undefined:undefined:undefined:undefined":12,"s:117:2:117:Infinity":37,"b:117:6:117:16:117:16:117:36":13,"s:117:36:117:Infinity":38,"s:119:2:172:Infinity":39,"b:121:6:126:Infinity:127:6:131:Infinity:132:6:136:Infinity:137:6:141:Infinity:142:6:146:Infinity:147:6:154:Infinity:155:6:162:Infinity:163:6:170:Infinity":14,"s:120:4:171:Infinity":40,"b:122:8:125:Infinity:undefined:undefined:undefined:undefined":15,"s:122:8:125:Infinity":41,"b:122:12:122:35:122:35:122:53:122:53:122:Infinity:123:13:123:37:123:37:123:58":16,"s:124:10:124:Infinity":42,"b:124:17:124:33:124:33:124:Infinity":17,"s:126:8:126:Infinity":43,"b:128:8:130:Infinity:undefined:undefined:undefined:undefined":18,"s:128:8:130:Infinity":44,"b:128:12:128:41:128:41:128:80":19,"s:129:10:129:Infinity":45,"b:129:17:129:33:129:33:129:Infinity":20,"s:131:8:131:Infinity":46,"b:133:8:135:Infinity:undefined:undefined:undefined:undefined":21,"s:133:8:135:Infinity":47,"b:133:12:133:41:133:41:133:80":22,"s:134:10:134:Infinity":48,"b:134:17:134:33:134:33:134:Infinity":23,"s:136:8:136:Infinity":49,"b:138:8:140:Infinity:undefined:undefined:undefined:undefined":24,"s:138:8:140:Infinity":50,"b:138:12:138:41:138:41:138:73":25,"s:139:10:139:Infinity":51,"b:139:17:139:33:139:33:139:Infinity":26,"s:141:8:141:Infinity":52,"b:143:8:145:Infinity:undefined:undefined:undefined:undefined":27,"s:143:8:145:Infinity":53,"b:143:12:143:41:143:41:143:73":28,"s:144:10:144:Infinity":54,"b:144:17:144:33:144:33:144:Infinity":29,"s:146:8:146:Infinity":55,"b:148:8:153:Infinity:undefined:undefined:undefined:undefined":30,"s:148:8:153:Infinity":56,"b:148:12:148:41:148:41:148:53":31,"s:149:24:149:Infinity":57,"b:150:10:152:Infinity:undefined:undefined:undefined:undefined":32,"s:150:10:152:Infinity":58,"s:151:12:151:Infinity":59,"b:151:19:151:35:151:35:151:Infinity":33,"s:154:8:154:Infinity":60,"b:156:8:161:Infinity:undefined:undefined:undefined:undefined":34,"s:156:8:161:Infinity":61,"b:156:12:156:41:156:41:156:48":35,"s:157:29:157:Infinity":62,"b:158:10:160:Infinity:undefined:undefined:undefined:undefined":36,"s:158:10:160:Infinity":63,"s:159:12:159:Infinity":64,"b:159:19:159:35:159:35:159:Infinity":37,"s:162:8:162:Infinity":65,"b:164:8:169:Infinity:undefined:undefined:undefined:undefined":38,"s:164:8:169:Infinity":66,"b:164:12:164:41:164:41:164:48":39,"s:165:29:165:Infinity":67,"b:166:10:168:Infinity:undefined:undefined:undefined:undefined":40,"s:166:10:168:Infinity":68,"s:167:12:167:Infinity":69,"b:167:19:167:35:167:35:167:Infinity":41,"s:170:8:170:Infinity":70,"s:173:2:173:Infinity":71,"s:177:26:187:Infinity":72,"f:177:26:177:27":12,"s:178:36:178:Infinity":73,"s:179:19:184:Infinity":74,"f:179:19:179:20":13,"s:180:4:183:Infinity":75,"f:180:17:180:18":14,"s:181:6:181:Infinity":76,"b:182:6:182:Infinity:undefined:undefined:undefined:undefined":42,"s:182:6:182:Infinity":77,"s:182:22:182:Infinity":78,"s:185:2:185:Infinity":79,"s:186:2:186:Infinity":80,"s:190:26:199:Infinity":81,"f:190:26:190:27":15,"s:191:2:197:Infinity":82,"b:192:4:192:Infinity:undefined:undefined:undefined:undefined":43,"s:192:4:192:Infinity":83,"s:192:21:192:Infinity":84,"b:193:4:196:Infinity:undefined:undefined:undefined:undefined":44,"s:193:4:196:Infinity":85,"s:194:20:194:Infinity":86,"b:195:6:195:Infinity:undefined:undefined:undefined:undefined":45,"s:195:6:195:Infinity":87,"s:195:17:195:Infinity":88,"s:198:2:198:Infinity":89,"s:202:32:210:Infinity":90,"f:202:32:202:33":16,"s:203:23:208:Infinity":91,"s:209:2:209:Infinity":92,"s:213:13:547:Infinity":93,"f:215:4:215:5":17,"s:215:19:541:Infinity":94,"f:227:20:227:21":18,"s:227:47:268:Infinity":95,"f:227:51:227:52":19,"s:228:24:228:Infinity":96,"b:233:12:233:Infinity:234:12:234:Infinity:235:12:235:Infinity:236:12:236:Infinity:237:12:237:Infinity:238:12:238:Infinity:239:12:239:Infinity:240:12:240:Infinity:241:12:241:Infinity:242:12:242:Infinity:243:12:243:Infinity:244:12:244:Infinity":46,"s:232:8:245:Infinity":97,"s:233:26:233:122":98,"s:233:122:233:Infinity":99,"s:234:29:234:138":100,"s:234:138:234:Infinity":101,"s:235:32:235:134":102,"s:235:134:235:Infinity":103,"s:236:27:236:161":104,"s:236:161:236:Infinity":105,"s:237:26:237:138":106,"s:237:138:237:Infinity":107,"s:238:29:238:144":108,"s:238:144:238:Infinity":109,"s:239:27:239:100":110,"s:239:100:239:Infinity":111,"s:240:31:240:128":112,"s:240:128:240:Infinity":113,"s:241:31:241:128":114,"s:241:128:241:Infinity":115,"s:242:27:242:139":116,"s:242:139:242:Infinity":117,"s:243:30:243:143":118,"s:243:143:243:Infinity":119,"s:244:21:244:Infinity":120,"s:247:28:247:Infinity":121,"b:248:8:258:Infinity:250:15:258:Infinity":47,"s:248:8:258:Infinity":122,"s:249:10:249:Infinity":123,"s:252:10:252:Infinity":124,"b:253:10:257:Infinity:255:17:257:Infinity":48,"s:253:10:257:Infinity":125,"b:253:14:253:43:253:43:253:55":49,"s:254:12:254:Infinity":126,"s:256:12:256:Infinity":127,"s:260:8:267:Infinity":128,"f:270:23:270:24":20,"s:270:52:280:Infinity":129,"b:270:42:270:52":50,"f:270:56:270:57":21,"b:271:8:279:Infinity:277:15:279:Infinity":51,"s:271:8:279:Infinity":130,"b:272:10:276:Infinity:274:17:276:Infinity":52,"s:272:10:276:Infinity":131,"s:273:12:273:Infinity":132,"f:273:59:273:66":22,"s:273:66:273:76":133,"s:275:12:275:Infinity":134,"s:278:10:278:Infinity":135,"f:282:22:282:28":23,"s:282:28:282:Infinity":136,"f:285:17:285:23":24,"s:285:23:287:Infinity":137,"f:285:27:285:28":25,"s:285:39:287:8":138,"f:286:61:286:66":26,"s:286:66:286:70":139,"f:289:28:289:29":27,"s:289:46:298:Infinity":140,"f:289:50:289:51":28,"s:290:24:290:Infinity":141,"s:291:8:297:Infinity":142,"f:300:23:300:24":29,"s:300:32:313:Infinity":143,"f:300:36:300:37":30,"s:301:28:301:Infinity":144,"b:301:49:301:55:301:55:301:Infinity":53,"b:302:8:302:Infinity:undefined:undefined:undefined:undefined":54,"s:302:8:302:Infinity":145,"s:302:38:302:Infinity":146,"s:304:24:304:Infinity":147,"s:305:8:312:Infinity":148,"f:307:48:307:55":31,"s:307:55:307:81":149,"f:315:25:315:26":32,"s:315:47:324:Infinity":150,"f:315:51:315:52":33,"s:316:24:316:Infinity":151,"s:317:8:323:Infinity":152,"f:327:21:327:22":34,"s:327:61:377:Infinity":153,"f:327:65:327:66":35,"s:328:24:328:Infinity":154,"s:331:30:350:Infinity":155,"f:331:30:331:31":36,"s:332:48:332:Infinity":156,"s:333:23:348:Infinity":157,"f:333:35:333:40":37,"b:334:12:337:Infinity:undefined:undefined:undefined:undefined":55,"s:334:12:337:Infinity":158,"s:335:14:335:Infinity":159,"s:336:14:336:Infinity":160,"s:338:12:338:Infinity":161,"f:339:17:339:22":38,"b:340:12:346:Infinity:undefined:undefined:undefined:undefined":56,"s:340:12:346:Infinity":162,"b:340:16:340:30:340:30:340:40":57,"s:341:29:341:Infinity":163,"b:342:14:345:Infinity:undefined:undefined:undefined:undefined":58,"s:342:14:345:Infinity":164,"s:343:16:343:Infinity":165,"s:344:16:344:Infinity":166,"s:347:12:347:Infinity":167,"s:349:10:349:Infinity":168,"s:352:34:352:Infinity":169,"b:353:8:353:Infinity:undefined:undefined:undefined:undefined":59,"s:353:8:353:Infinity":170,"s:353:22:353:Infinity":171,"b:357:8:368:Infinity:365:15:368:Infinity":60,"s:357:8:368:Infinity":172,"s:359:10:359:Infinity":173,"b:360:10:364:Infinity:362:17:364:Infinity":61,"s:360:10:364:Infinity":174,"s:361:12:361:Infinity":175,"s:363:12:363:Infinity":176,"s:367:10:367:Infinity":177,"s:370:8:376:Infinity":178,"f:379:20:379:21":39,"s:379:35:381:Infinity":179,"f:379:39:379:40":40,"s:379:51:381:8":180,"f:383:21:383:48":41,"s:384:8:384:Infinity":181,"f:388:21:388:22":42,"s:388:59:395:Infinity":182,"f:388:63:388:64":43,"s:389:24:389:Infinity":183,"s:390:8:394:Infinity":184,"f:392:41:392:46":44,"s:392:46:392:50":185,"f:398:22:398:28":45,"s:398:28:403:Infinity":186,"f:398:32:398:33":46,"s:399:33:401:Infinity":187,"f:400:15:400:21":47,"s:400:21:400:60":188,"f:401:18:401:19":48,"s:401:47:401:57":189,"s:402:8:402:Infinity":190,"f:406:23:406:29":49,"s:406:29:417:Infinity":191,"f:406:33:406:34":50,"b:407:8:407:Infinity:undefined:undefined:undefined:undefined":62,"s:407:8:407:Infinity":192,"s:407:42:407:Infinity":193,"s:409:24:409:Infinity":194,"s:410:33:410:Infinity":195,"s:412:8:416:Infinity":196,"f:414:44:414:49":51,"s:414:49:414:53":197,"f:420:27:420:33":52,"s:420:33:435:Infinity":198,"f:420:37:420:38":53,"b:421:8:421:Infinity:undefined:undefined:undefined:undefined":63,"s:421:8:421:Infinity":199,"s:421:44:421:Infinity":200,"s:423:24:423:Infinity":201,"s:424:38:426:Infinity":202,"f:425:15:425:21":54,"s:425:21:425:60":203,"f:426:18:426:19":55,"s:426:47:426:57":204,"s:428:33:428:Infinity":205,"s:430:8:434:Infinity":206,"f:432:44:432:49":56,"s:432:49:432:53":207,"f:438:21:438:22":57,"s:439:22:439:Infinity":208,"s:440:26:440:Infinity":209,"b:441:8:441:Infinity:undefined:undefined:undefined:undefined":64,"s:441:8:441:Infinity":210,"s:441:24:441:Infinity":211,"b:444:8:444:Infinity:undefined:undefined:undefined:undefined":65,"s:444:8:444:Infinity":212,"s:444:62:444:Infinity":213,"s:446:22:446:Infinity":214,"s:447:22:447:Infinity":215,"s:448:23:448:Infinity":216,"b:448:54:448:87:448:87:448:Infinity":66,"b:448:54:448:79:448:79:448:87":67,"s:450:22:450:Infinity":217,"s:452:8:456:Infinity":218,"f:452:12:452:13":58,"s:452:20:456:10":219,"b:454:14:454:Infinity:455:14:455:Infinity":68,"f:455:75:455:76":59,"s:455:86:455:96":220,"s:458:8:458:Infinity":221,"f:462:20:462:45":60,"s:463:22:463:Infinity":222,"s:464:30:464:Infinity":223,"s:465:42:465:Infinity":224,"s:466:60:466:Infinity":225,"s:468:8:481:Infinity":226,"f:468:30:468:31":61,"b:470:10:470:Infinity:undefined:undefined:undefined:undefined":69,"s:470:10:470:Infinity":227,"s:470:64:470:Infinity":228,"s:472:24:472:Infinity":229,"s:473:24:473:Infinity":230,"s:474:25:474:Infinity":231,"b:474:56:474:89:474:89:474:Infinity":70,"b:474:56:474:81:474:81:474:89":71,"s:476:24:476:Infinity":232,"b:477:10:480:Infinity:undefined:undefined:undefined:undefined":72,"s:477:10:480:Infinity":233,"s:478:12:478:Infinity":234,"s:479:12:479:Infinity":235,"s:483:8:483:Infinity":236,"s:484:8:484:Infinity":237,"f:488:28:488:29":62,"s:488:44:492:Infinity":238,"f:488:48:488:49":63,"s:488:60:492:8":239,"f:490:56:490:57":64,"s:490:67:490:77":240,"f:495:32:495:38":65,"s:495:38:495:Infinity":241,"f:497:12:497:18":66,"s:497:18:509:Infinity":242,"f:497:22:497:23":67,"b:498:8:498:Infinity:undefined:undefined:undefined:undefined":73,"s:498:8:498:Infinity":243,"s:498:45:498:Infinity":244,"s:499:25:499:Infinity":245,"s:500:24:500:Infinity":246,"s:501:8:508:Infinity":247,"f:511:12:511:18":68,"s:511:18:523:Infinity":248,"f:511:22:511:23":69,"b:512:8:512:Infinity:undefined:undefined:undefined:undefined":74,"s:512:8:512:Infinity":249,"s:512:47:512:Infinity":250,"s:513:21:513:Infinity":251,"s:514:26:514:Infinity":252,"s:515:8:522:Infinity":253,"f:526:19:526:25":70,"s:526:25:540:Infinity":254,"f:526:29:526:30":71,"s:527:24:529:Infinity":255,"b:528:12:528:Infinity:529:12:529:Infinity":75,"s:530:8:539:Infinity":256,"f:544:18:544:19":72,"s:544:30:544:Infinity":257}}}
}
